<?xml version="1.0" encoding="UTF-8"?>
<testsuites name="TS_6492_2" time="105.857" tests="2" failures="0" skips="0" errors="0">
   <testsuite name="TS_6492_2" tests="2" failures="0" errors="0" time="105.857" skips="0" timestamp="2021-01-15 19:50:22" hostname="Grzegorz - Zalman" id="Test Suites/TS_6492_2">
      <properties>
         <property name="deviceName" value=""/>
         <property name="devicePlatform" value=""/>
         <property name="logFolder" value="C:\\Users\\Grzegorz\\Desktop\\Studia\\Testowanie Oprogramowania\\6492_TO\\6492_TO\\Reports\\20210115_195013\\TS_6492_2\\20210115_195013"/>
         <property name="logFiles" value="C:\\Users\\Grzegorz\\Desktop\\Studia\\Testowanie Oprogramowania\\6492_TO\\6492_TO\\Reports\\20210115_195013\\TS_6492_2\\20210115_195013\\execution0.log"/>
         <property name="attachments" value="C:\\Users\\Grzegorz\\Desktop\\Studia\\Testowanie Oprogramowania\\6492_TO\\6492_TO\\Reports\\20210115_195013\\TS_6492_2\\20210115_195013\\1610736669985.png, C:\\Users\\Grzegorz\\Desktop\\Studia\\Testowanie Oprogramowania\\6492_TO\\6492_TO\\Reports\\20210115_195013\\TS_6492_2\\20210115_195013\\1610736703818.png"/>
         <property name="hostName" value="Grzegorz - Zalman"/>
         <property name="os" value="Windows 10 64bit"/>
         <property name="katalonVersion" value="7.8.0.208"/>
         <property name="browser" value="Chrome 87.0.4280.141"/>
         <property name="hostAddress" value="192.168.56.1"/>
         <property name="sessionId" value="80a674917a6fa28bd036791f7f209256"/>
         <property name="seleniumVersion" value="3.141.59"/>
         <property name="proxyInformation" value="ProxyInformation { proxyOption=NO_PROXY, proxyServerType=HTTP, username=, password=********, proxyServerAddress=, proxyServerPort=0, executionList=&quot;&quot;, isApplyToDesiredCapabilities=true }"/>
         <property name="platform" value="Windows 10"/>
      </properties>
      <testcase name="Test Cases/6492_Sklepdemo/TC_6492_Rejestracja kont" time="81.558" classname="Test Cases/6492_Sklepdemo/TC_6492_Rejestracja kont" status="PASSED">
         <system-out><![CDATA[2021-01-15 19:50:23 - [TEST_CASE][PASSED] - Test Cases/6492_Sklepdemo/TC_6492_Rejestracja kont: Test Cases/6492_Sklepdemo/TC_6492_Rejestracja kont

2021-01-15 19:50:24 - [TEST_STEP][PASSED] - openBrowser(""): Browser is opened with url: ''

2021-01-15 19:50:24 - [MESSAGE][INFO] - Starting 'Chrome' driver

2021-01-15 19:50:24 - [MESSAGE][INFO] - Action delay is set to 0 milliseconds

2021-01-15 19:50:28 - [MESSAGE][PASSED] - Browser is opened with url: ''

2021-01-15 19:50:28 - [TEST_STEP][PASSED] - navigateToUrl(findTestData("Data Files/link").getValue(1, 2)): Navigate to 'https://www.sklepdemo.pl/' successfully

2021-01-15 19:50:29 - [MESSAGE][PASSED] - Navigate to 'https://www.sklepdemo.pl/' successfully

2021-01-15 19:50:29 - [TEST_STEP][PASSED] - waitForPageLoad(2): Wait for page load successfully

2021-01-15 19:50:29 - [MESSAGE][PASSED] - Wait for page load successfully

2021-01-15 19:50:29 - [TEST_STEP][PASSED] - click(findTestObject("Object Repository/Demosklep/Page_Sklep internetowy demo/span_zamknij")): Object: 'Object Repository/Demosklep/Page_Sklep internetowy demo/span_zamknij' is clicked on

2021-01-15 19:50:31 - [MESSAGE][PASSED] - Object: 'Object Repository/Demosklep/Page_Sklep internetowy demo/span_zamknij' is clicked on

2021-01-15 19:50:31 - [TEST_STEP][PASSED] - for ([n = 1, n < findTestData("Data Files/2-Sklepdemo/sklep").getRowNumbers(), (++n)]): Object: 'Object Repository/Demosklep/Page_/a_Strona gwna' is clicked on

2021-01-15 19:50:31 - [TEST_STEP][PASSED] - click(findTestObject("Object Repository/Demosklep/Page_Sklep internetowy demo/span_TWOJE")): Object: 'Object Repository/Demosklep/Page_Sklep internetowy demo/span_TWOJE' is clicked on

2021-01-15 19:50:32 - [MESSAGE][PASSED] - Object: 'Object Repository/Demosklep/Page_Sklep internetowy demo/span_TWOJE' is clicked on

2021-01-15 19:50:32 - [TEST_STEP][PASSED] - waitForPageLoad(2): Wait for page load successfully

2021-01-15 19:50:32 - [MESSAGE][PASSED] - Wait for page load successfully

2021-01-15 19:50:32 - [TEST_STEP][PASSED] - click(findTestObject("Object Repository/Demosklep/Page_Logowanie/a_Za konto")): Object: 'Object Repository/Demosklep/Page_Logowanie/a_Za konto' is clicked on

2021-01-15 19:50:32 - [MESSAGE][PASSED] - Object: 'Object Repository/Demosklep/Page_Logowanie/a_Za konto' is clicked on

2021-01-15 19:50:32 - [TEST_STEP][PASSED] - setText(findTestObject("Object Repository/Demosklep/Page_Rejestracja/input_Rejestracja_email"), findTestData("Data Files/2-Sklepdemo/sklep").getValue(1, n)): Text 'b2aklab@gmail.com' is set on object 'Object Repository/Demosklep/Page_Rejestracja/input_Rejestracja_email'

2021-01-15 19:50:32 - [MESSAGE][PASSED] - Text 'b2aklab@gmail.com' is set on object 'Object Repository/Demosklep/Page_Rejestracja/input_Rejestracja_email'

2021-01-15 19:50:32 - [TEST_STEP][PASSED] - setText(findTestObject("Object Repository/Demosklep/Page_Rejestracja/input_Adres e-mail_gsfPass1"), findTestData("Data Files/1-Demobank/users (1)").getValue(2, n)): Text '12345678' is set on object 'Object Repository/Demosklep/Page_Rejestracja/input_Adres e-mail_gsfPass1'

2021-01-15 19:50:33 - [MESSAGE][PASSED] - Text '12345678' is set on object 'Object Repository/Demosklep/Page_Rejestracja/input_Adres e-mail_gsfPass1'

2021-01-15 19:50:33 - [TEST_STEP][PASSED] - setText(findTestObject("Object Repository/Demosklep/Page_Rejestracja/input_Haso_gsfPass2"), findTestData("Data Files/1-Demobank/users (1)").getValue(2, n)): Text '12345678' is set on object 'Object Repository/Demosklep/Page_Rejestracja/input_Haso_gsfPass2'

2021-01-15 19:50:33 - [MESSAGE][PASSED] - Text '12345678' is set on object 'Object Repository/Demosklep/Page_Rejestracja/input_Haso_gsfPass2'

2021-01-15 19:50:33 - [TEST_STEP][PASSED] - click(findTestObject("Object Repository/Demosklep/Page_Rejestracja/label_Przykadowa klauzula akceptacji regulaminu")): Object: 'Object Repository/Demosklep/Page_Rejestracja/label_Przykadowa klauzula akceptacji regulaminu' is clicked on

2021-01-15 19:50:33 - [MESSAGE][PASSED] - Object: 'Object Repository/Demosklep/Page_Rejestracja/label_Przykadowa klauzula akceptacji regulaminu' is clicked on

2021-01-15 19:50:33 - [TEST_STEP][PASSED] - click(findTestObject("Object Repository/Demosklep/Page_Rejestracja/button_Rejestruj")): Object: 'Object Repository/Demosklep/Page_Rejestracja/button_Rejestruj' is clicked on

2021-01-15 19:50:33 - [MESSAGE][PASSED] - Object: 'Object Repository/Demosklep/Page_Rejestracja/button_Rejestruj' is clicked on

2021-01-15 19:50:33 - [TEST_STEP][PASSED] - if (verifyElementVisible(findTestObject("Object Repository/Demosklep/Page_Rejestracja/div_Podany email nie moe zosta zarejestrowany"), OPTIONAL)): null

2021-01-15 19:50:33 - [MESSAGE][PASSED] - Object 'Object Repository/Demosklep/Page_Rejestracja/div_Podany email nie moe zosta zarejestrowany' is visible

2021-01-15 19:50:33 - [TEST_STEP][PASSED] - Thread.sleep(200): null

2021-01-15 19:50:34 - [TEST_STEP][PASSED] - click(findTestObject("Object Repository/Demosklep/Page_Rejestracja/a_Strona gwna")): Object: 'Object Repository/Demosklep/Page_Rejestracja/a_Strona gwna' is clicked on

2021-01-15 19:50:34 - [MESSAGE][PASSED] - Object: 'Object Repository/Demosklep/Page_Rejestracja/a_Strona gwna' is clicked on

2021-01-15 19:50:34 - [TEST_STEP][PASSED] - click(findTestObject("Object Repository/Demosklep/Page_Sklep internetowy demo/span_TWOJE")): Object: 'Object Repository/Demosklep/Page_Sklep internetowy demo/span_TWOJE' is clicked on

2021-01-15 19:50:34 - [MESSAGE][PASSED] - Object: 'Object Repository/Demosklep/Page_Sklep internetowy demo/span_TWOJE' is clicked on

2021-01-15 19:50:34 - [TEST_STEP][PASSED] - waitForPageLoad(2): Wait for page load successfully

2021-01-15 19:50:34 - [MESSAGE][PASSED] - Wait for page load successfully

2021-01-15 19:50:34 - [TEST_STEP][PASSED] - click(findTestObject("Object Repository/Demosklep/Page_Logowanie/a_Za konto")): Object: 'Object Repository/Demosklep/Page_Logowanie/a_Za konto' is clicked on

2021-01-15 19:50:35 - [MESSAGE][PASSED] - Object: 'Object Repository/Demosklep/Page_Logowanie/a_Za konto' is clicked on

2021-01-15 19:50:35 - [TEST_STEP][PASSED] - setText(findTestObject("Object Repository/Demosklep/Page_Rejestracja/input_Rejestracja_email"), findTestData("Data Files/2-Sklepdemo/sklep").getValue(1, n)): Text 'b3aa@gmail.com' is set on object 'Object Repository/Demosklep/Page_Rejestracja/input_Rejestracja_email'

2021-01-15 19:50:35 - [MESSAGE][PASSED] - Text 'b3aa@gmail.com' is set on object 'Object Repository/Demosklep/Page_Rejestracja/input_Rejestracja_email'

2021-01-15 19:50:35 - [TEST_STEP][PASSED] - setText(findTestObject("Object Repository/Demosklep/Page_Rejestracja/input_Adres e-mail_gsfPass1"), findTestData("Data Files/1-Demobank/users (1)").getValue(2, n)): Text 'lodynapa' is set on object 'Object Repository/Demosklep/Page_Rejestracja/input_Adres e-mail_gsfPass1'

2021-01-15 19:50:35 - [MESSAGE][PASSED] - Text 'lodynapa' is set on object 'Object Repository/Demosklep/Page_Rejestracja/input_Adres e-mail_gsfPass1'

2021-01-15 19:50:35 - [TEST_STEP][PASSED] - setText(findTestObject("Object Repository/Demosklep/Page_Rejestracja/input_Haso_gsfPass2"), findTestData("Data Files/1-Demobank/users (1)").getValue(2, n)): Text 'lodynapa' is set on object 'Object Repository/Demosklep/Page_Rejestracja/input_Haso_gsfPass2'

2021-01-15 19:50:35 - [MESSAGE][PASSED] - Text 'lodynapa' is set on object 'Object Repository/Demosklep/Page_Rejestracja/input_Haso_gsfPass2'

2021-01-15 19:50:35 - [TEST_STEP][PASSED] - click(findTestObject("Object Repository/Demosklep/Page_Rejestracja/label_Przykadowa klauzula akceptacji regulaminu")): Object: 'Object Repository/Demosklep/Page_Rejestracja/label_Przykadowa klauzula akceptacji regulaminu' is clicked on

2021-01-15 19:50:36 - [MESSAGE][PASSED] - Object: 'Object Repository/Demosklep/Page_Rejestracja/label_Przykadowa klauzula akceptacji regulaminu' is clicked on

2021-01-15 19:50:36 - [TEST_STEP][PASSED] - click(findTestObject("Object Repository/Demosklep/Page_Rejestracja/button_Rejestruj")): Object: 'Object Repository/Demosklep/Page_Rejestracja/button_Rejestruj' is clicked on

2021-01-15 19:50:36 - [MESSAGE][PASSED] - Object: 'Object Repository/Demosklep/Page_Rejestracja/button_Rejestruj' is clicked on

2021-01-15 19:50:36 - [TEST_STEP][PASSED] - if (verifyElementVisible(findTestObject("Object Repository/Demosklep/Page_Rejestracja/div_Podany email nie moe zosta zarejestrowany"), OPTIONAL)): null

2021-01-15 19:50:36 - [MESSAGE][PASSED] - Object 'Object Repository/Demosklep/Page_Rejestracja/div_Podany email nie moe zosta zarejestrowany' is visible

2021-01-15 19:50:36 - [TEST_STEP][PASSED] - Thread.sleep(200): null

2021-01-15 19:50:36 - [TEST_STEP][PASSED] - click(findTestObject("Object Repository/Demosklep/Page_Rejestracja/a_Strona gwna")): Object: 'Object Repository/Demosklep/Page_Rejestracja/a_Strona gwna' is clicked on

2021-01-15 19:50:37 - [MESSAGE][PASSED] - Object: 'Object Repository/Demosklep/Page_Rejestracja/a_Strona gwna' is clicked on

2021-01-15 19:50:37 - [TEST_STEP][PASSED] - click(findTestObject("Object Repository/Demosklep/Page_Sklep internetowy demo/span_TWOJE")): Object: 'Object Repository/Demosklep/Page_Sklep internetowy demo/span_TWOJE' is clicked on

2021-01-15 19:50:37 - [MESSAGE][PASSED] - Object: 'Object Repository/Demosklep/Page_Sklep internetowy demo/span_TWOJE' is clicked on

2021-01-15 19:50:37 - [TEST_STEP][PASSED] - waitForPageLoad(2): Wait for page load successfully

2021-01-15 19:50:37 - [MESSAGE][PASSED] - Wait for page load successfully

2021-01-15 19:50:37 - [TEST_STEP][PASSED] - click(findTestObject("Object Repository/Demosklep/Page_Logowanie/a_Za konto")): Object: 'Object Repository/Demosklep/Page_Logowanie/a_Za konto' is clicked on

2021-01-15 19:50:37 - [MESSAGE][PASSED] - Object: 'Object Repository/Demosklep/Page_Logowanie/a_Za konto' is clicked on

2021-01-15 19:50:37 - [TEST_STEP][PASSED] - setText(findTestObject("Object Repository/Demosklep/Page_Rejestracja/input_Rejestracja_email"), findTestData("Data Files/2-Sklepdemo/sklep").getValue(1, n)): Text 'bba3@gamil.com' is set on object 'Object Repository/Demosklep/Page_Rejestracja/input_Rejestracja_email'

2021-01-15 19:50:37 - [MESSAGE][PASSED] - Text 'bba3@gamil.com' is set on object 'Object Repository/Demosklep/Page_Rejestracja/input_Rejestracja_email'

2021-01-15 19:50:37 - [TEST_STEP][PASSED] - setText(findTestObject("Object Repository/Demosklep/Page_Rejestracja/input_Adres e-mail_gsfPass1"), findTestData("Data Files/1-Demobank/users (1)").getValue(2, n)): Text '12345687' is set on object 'Object Repository/Demosklep/Page_Rejestracja/input_Adres e-mail_gsfPass1'

2021-01-15 19:50:38 - [MESSAGE][PASSED] - Text '12345687' is set on object 'Object Repository/Demosklep/Page_Rejestracja/input_Adres e-mail_gsfPass1'

2021-01-15 19:50:38 - [TEST_STEP][PASSED] - setText(findTestObject("Object Repository/Demosklep/Page_Rejestracja/input_Haso_gsfPass2"), findTestData("Data Files/1-Demobank/users (1)").getValue(2, n)): Text '12345687' is set on object 'Object Repository/Demosklep/Page_Rejestracja/input_Haso_gsfPass2'

2021-01-15 19:50:38 - [MESSAGE][PASSED] - Text '12345687' is set on object 'Object Repository/Demosklep/Page_Rejestracja/input_Haso_gsfPass2'

2021-01-15 19:50:38 - [TEST_STEP][PASSED] - click(findTestObject("Object Repository/Demosklep/Page_Rejestracja/label_Przykadowa klauzula akceptacji regulaminu")): Object: 'Object Repository/Demosklep/Page_Rejestracja/label_Przykadowa klauzula akceptacji regulaminu' is clicked on

2021-01-15 19:50:38 - [MESSAGE][PASSED] - Object: 'Object Repository/Demosklep/Page_Rejestracja/label_Przykadowa klauzula akceptacji regulaminu' is clicked on

2021-01-15 19:50:38 - [TEST_STEP][PASSED] - click(findTestObject("Object Repository/Demosklep/Page_Rejestracja/button_Rejestruj")): Object: 'Object Repository/Demosklep/Page_Rejestracja/button_Rejestruj' is clicked on

2021-01-15 19:50:38 - [MESSAGE][PASSED] - Object: 'Object Repository/Demosklep/Page_Rejestracja/button_Rejestruj' is clicked on

2021-01-15 19:50:38 - [TEST_STEP][PASSED] - if (verifyElementVisible(findTestObject("Object Repository/Demosklep/Page_Rejestracja/div_Podany email nie moe zosta zarejestrowany"), OPTIONAL)): Web element with id: 'Object Repository/Demosklep/Page_Rejestracja/div_Podany email nie moe zosta zarejestrowany' located by '//*[@id = 'overallValidation' and (text() = 'Podany email nie może zostać zarejestrowany' or . = 'Podany email nie może zostać zarejestrowany')]' not found (Root cause: com.kms.katalon.core.exception.StepFailedException: Web element with id: 'Object Repository/Demosklep/Page_Rejestracja/div_Podany email nie moe zosta zarejestrowany' located by '//*[@id = 'overallValidation' and (text() = 'Podany email nie może zostać zarejestrowany' or . = 'Podany email nie może zostać zarejestrowany')]' not found
	at com.kms.katalon.core.webui.keyword.internal.WebUIKeywordMain.stepFailed(WebUIKeywordMain.groovy:64)
	at com.kms.katalon.core.webui.keyword.builtin.VerifyElementVisibleKeyword$_verifyElementVisible_closure1.doCall(VerifyElementVisibleKeyword.groovy:89)
	at com.kms.katalon.core.webui.keyword.builtin.VerifyElementVisibleKeyword$_verifyElementVisible_closure1.call(VerifyElementVisibleKeyword.groovy)
	at com.kms.katalon.core.webui.keyword.internal.WebUIKeywordMain.runKeyword(WebUIKeywordMain.groovy:20)
	at com.kms.katalon.core.webui.keyword.builtin.VerifyElementVisibleKeyword.verifyElementVisible(VerifyElementVisibleKeyword.groovy:97)
	at com.kms.katalon.core.webui.keyword.builtin.VerifyElementVisibleKeyword.execute(VerifyElementVisibleKeyword.groovy:67)
	at com.kms.katalon.core.keyword.internal.KeywordExecutor.executeKeywordForPlatform(KeywordExecutor.groovy:73)
	at com.kms.katalon.core.webui.keyword.WebUiBuiltInKeywords.verifyElementVisible(WebUiBuiltInKeywords.groovy:359)
	at com.kms.katalon.core.webui.keyword.WebUiBuiltInKeywords$verifyElementVisible$4.call(Unknown Source)
	at TC_6492_Rejestracja kont.run(TC_6492_Rejestracja kont:54)
	at com.kms.katalon.core.main.ScriptEngine.run(ScriptEngine.java:194)
	at com.kms.katalon.core.main.ScriptEngine.runScriptAsRawText(ScriptEngine.java:119)
	at com.kms.katalon.core.main.TestCaseExecutor.runScript(TestCaseExecutor.java:393)
	at com.kms.katalon.core.main.TestCaseExecutor.doExecute(TestCaseExecutor.java:384)
	at com.kms.katalon.core.main.TestCaseExecutor.processExecutionPhase(TestCaseExecutor.java:363)
	at com.kms.katalon.core.main.TestCaseExecutor.accessMainPhase(TestCaseExecutor.java:355)
	at com.kms.katalon.core.main.TestCaseExecutor.execute(TestCaseExecutor.java:251)
	at com.kms.katalon.core.main.TestSuiteExecutor.accessTestCaseMainPhase(TestSuiteExecutor.java:203)
	at com.kms.katalon.core.main.TestSuiteExecutor.accessTestSuiteMainPhase(TestSuiteExecutor.java:152)
	at com.kms.katalon.core.main.TestSuiteExecutor.execute(TestSuiteExecutor.java:95)
	at com.kms.katalon.core.main.TestCaseMain.startTestSuite(TestCaseMain.java:157)
	at com.kms.katalon.core.main.TestCaseMain$startTestSuite$0.call(Unknown Source)
	at TempTestSuite1610736613255.run(TempTestSuite1610736613255.groovy:39)
)

2021-01-15 19:51:09 - [MESSAGE][INFO] - Unable to find the element located by 'By.xpath: //*[@id = 'overallValidation' and (text() = 'Podany email nie może zostać zarejestrowany' or . = 'Podany email nie może zostać zarejestrowany')]'. Please recheck the objects properties to make sure the desired element is located. 

2021-01-15 19:51:10 - [MESSAGE][WARNING] - Web element with id: 'Object Repository/Demosklep/Page_Rejestracja/div_Podany email nie moe zosta zarejestrowany' located by '//*[@id = 'overallValidation' and (text() = 'Podany email nie może zostać zarejestrowany' or . = 'Podany email nie może zostać zarejestrowany')]' not found (Root cause: com.kms.katalon.core.exception.StepFailedException: Web element with id: 'Object Repository/Demosklep/Page_Rejestracja/div_Podany email nie moe zosta zarejestrowany' located by '//*[@id = 'overallValidation' and (text() = 'Podany email nie może zostać zarejestrowany' or . = 'Podany email nie może zostać zarejestrowany')]' not found
	at com.kms.katalon.core.webui.keyword.internal.WebUIKeywordMain.stepFailed(WebUIKeywordMain.groovy:64)
	at com.kms.katalon.core.webui.keyword.builtin.VerifyElementVisibleKeyword$_verifyElementVisible_closure1.doCall(VerifyElementVisibleKeyword.groovy:89)
	at com.kms.katalon.core.webui.keyword.builtin.VerifyElementVisibleKeyword$_verifyElementVisible_closure1.call(VerifyElementVisibleKeyword.groovy)
	at com.kms.katalon.core.webui.keyword.internal.WebUIKeywordMain.runKeyword(WebUIKeywordMain.groovy:20)
	at com.kms.katalon.core.webui.keyword.builtin.VerifyElementVisibleKeyword.verifyElementVisible(VerifyElementVisibleKeyword.groovy:97)
	at com.kms.katalon.core.webui.keyword.builtin.VerifyElementVisibleKeyword.execute(VerifyElementVisibleKeyword.groovy:67)
	at com.kms.katalon.core.keyword.internal.KeywordExecutor.executeKeywordForPlatform(KeywordExecutor.groovy:73)
	at com.kms.katalon.core.webui.keyword.WebUiBuiltInKeywords.verifyElementVisible(WebUiBuiltInKeywords.groovy:359)
	at com.kms.katalon.core.webui.keyword.WebUiBuiltInKeywords$verifyElementVisible$4.call(Unknown Source)
	at TC_6492_Rejestracja kont.run(TC_6492_Rejestracja kont:54)
	at com.kms.katalon.core.main.ScriptEngine.run(ScriptEngine.java:194)
	at com.kms.katalon.core.main.ScriptEngine.runScriptAsRawText(ScriptEngine.java:119)
	at com.kms.katalon.core.main.TestCaseExecutor.runScript(TestCaseExecutor.java:393)
	at com.kms.katalon.core.main.TestCaseExecutor.doExecute(TestCaseExecutor.java:384)
	at com.kms.katalon.core.main.TestCaseExecutor.processExecutionPhase(TestCaseExecutor.java:363)
	at com.kms.katalon.core.main.TestCaseExecutor.accessMainPhase(TestCaseExecutor.java:355)
	at com.kms.katalon.core.main.TestCaseExecutor.execute(TestCaseExecutor.java:251)
	at com.kms.katalon.core.main.TestSuiteExecutor.accessTestCaseMainPhase(TestSuiteExecutor.java:203)
	at com.kms.katalon.core.main.TestSuiteExecutor.accessTestSuiteMainPhase(TestSuiteExecutor.java:152)
	at com.kms.katalon.core.main.TestSuiteExecutor.execute(TestSuiteExecutor.java:95)
	at com.kms.katalon.core.main.TestCaseMain.startTestSuite(TestCaseMain.java:157)
	at com.kms.katalon.core.main.TestCaseMain$startTestSuite$0.call(Unknown Source)
	at TempTestSuite1610736613255.run(TempTestSuite1610736613255.groovy:39)
)
[[ATTACHMENT|C:\\Users\\Grzegorz\\Desktop\\Studia\\Testowanie Oprogramowania\\6492_TO\\6492_TO\\Reports\\20210115_195013\\TS_6492_2\\20210115_195013\\1610736669985.png]]

2021-01-15 19:51:10 - [TEST_STEP][PASSED] - else: Object: 'Object Repository/Demosklep/Page_/a_Strona gwna' is clicked on

2021-01-15 19:51:10 - [TEST_STEP][PASSED] - Thread.sleep(200): null

2021-01-15 19:51:10 - [TEST_STEP][PASSED] - waitForPageLoad(2): Wait for page load successfully

2021-01-15 19:51:10 - [MESSAGE][PASSED] - Wait for page load successfully

2021-01-15 19:51:10 - [TEST_STEP][PASSED] - click(findTestObject("Object Repository/Demosklep/Page_/a_Strona gwna")): Object: 'Object Repository/Demosklep/Page_/a_Strona gwna' is clicked on

2021-01-15 19:51:11 - [MESSAGE][PASSED] - Object: 'Object Repository/Demosklep/Page_/a_Strona gwna' is clicked on

2021-01-15 19:51:11 - [TEST_STEP][PASSED] - click(findTestObject("Object Repository/Demosklep/Page_Sklep internetowy demo/span_TWOJE")): Object: 'Object Repository/Demosklep/Page_Sklep internetowy demo/span_TWOJE' is clicked on

2021-01-15 19:51:11 - [MESSAGE][PASSED] - Object: 'Object Repository/Demosklep/Page_Sklep internetowy demo/span_TWOJE' is clicked on

2021-01-15 19:51:11 - [TEST_STEP][PASSED] - waitForPageLoad(2): Wait for page load successfully

2021-01-15 19:51:11 - [MESSAGE][PASSED] - Wait for page load successfully

2021-01-15 19:51:11 - [TEST_STEP][PASSED] - click(findTestObject("Object Repository/Demosklep/Page_Logowanie/a_Za konto")): Object: 'Object Repository/Demosklep/Page_Logowanie/a_Za konto' is clicked on

2021-01-15 19:51:11 - [MESSAGE][PASSED] - Object: 'Object Repository/Demosklep/Page_Logowanie/a_Za konto' is clicked on

2021-01-15 19:51:11 - [TEST_STEP][PASSED] - setText(findTestObject("Object Repository/Demosklep/Page_Rejestracja/input_Rejestracja_email"), findTestData("Data Files/2-Sklepdemo/sklep").getValue(1, n)): Text 'b3ca@gmail.com' is set on object 'Object Repository/Demosklep/Page_Rejestracja/input_Rejestracja_email'

2021-01-15 19:51:11 - [MESSAGE][PASSED] - Text 'b3ca@gmail.com' is set on object 'Object Repository/Demosklep/Page_Rejestracja/input_Rejestracja_email'

2021-01-15 19:51:11 - [TEST_STEP][PASSED] - setText(findTestObject("Object Repository/Demosklep/Page_Rejestracja/input_Adres e-mail_gsfPass1"), findTestData("Data Files/1-Demobank/users (1)").getValue(2, n)): Text 'bombsnoh' is set on object 'Object Repository/Demosklep/Page_Rejestracja/input_Adres e-mail_gsfPass1'

2021-01-15 19:51:12 - [MESSAGE][PASSED] - Text 'bombsnoh' is set on object 'Object Repository/Demosklep/Page_Rejestracja/input_Adres e-mail_gsfPass1'

2021-01-15 19:51:12 - [TEST_STEP][PASSED] - setText(findTestObject("Object Repository/Demosklep/Page_Rejestracja/input_Haso_gsfPass2"), findTestData("Data Files/1-Demobank/users (1)").getValue(2, n)): Text 'bombsnoh' is set on object 'Object Repository/Demosklep/Page_Rejestracja/input_Haso_gsfPass2'

2021-01-15 19:51:12 - [MESSAGE][PASSED] - Text 'bombsnoh' is set on object 'Object Repository/Demosklep/Page_Rejestracja/input_Haso_gsfPass2'

2021-01-15 19:51:12 - [TEST_STEP][PASSED] - click(findTestObject("Object Repository/Demosklep/Page_Rejestracja/label_Przykadowa klauzula akceptacji regulaminu")): Object: 'Object Repository/Demosklep/Page_Rejestracja/label_Przykadowa klauzula akceptacji regulaminu' is clicked on

2021-01-15 19:51:12 - [MESSAGE][PASSED] - Object: 'Object Repository/Demosklep/Page_Rejestracja/label_Przykadowa klauzula akceptacji regulaminu' is clicked on

2021-01-15 19:51:12 - [TEST_STEP][PASSED] - click(findTestObject("Object Repository/Demosklep/Page_Rejestracja/button_Rejestruj")): Object: 'Object Repository/Demosklep/Page_Rejestracja/button_Rejestruj' is clicked on

2021-01-15 19:51:12 - [MESSAGE][PASSED] - Object: 'Object Repository/Demosklep/Page_Rejestracja/button_Rejestruj' is clicked on

2021-01-15 19:51:12 - [TEST_STEP][PASSED] - if (verifyElementVisible(findTestObject("Object Repository/Demosklep/Page_Rejestracja/div_Podany email nie moe zosta zarejestrowany"), OPTIONAL)): Web element with id: 'Object Repository/Demosklep/Page_Rejestracja/div_Podany email nie moe zosta zarejestrowany' located by '//*[@id = 'overallValidation' and (text() = 'Podany email nie może zostać zarejestrowany' or . = 'Podany email nie może zostać zarejestrowany')]' not found (Root cause: com.kms.katalon.core.exception.StepFailedException: Web element with id: 'Object Repository/Demosklep/Page_Rejestracja/div_Podany email nie moe zosta zarejestrowany' located by '//*[@id = 'overallValidation' and (text() = 'Podany email nie może zostać zarejestrowany' or . = 'Podany email nie może zostać zarejestrowany')]' not found
	at com.kms.katalon.core.webui.keyword.internal.WebUIKeywordMain.stepFailed(WebUIKeywordMain.groovy:64)
	at com.kms.katalon.core.webui.keyword.builtin.VerifyElementVisibleKeyword$_verifyElementVisible_closure1.doCall(VerifyElementVisibleKeyword.groovy:89)
	at com.kms.katalon.core.webui.keyword.builtin.VerifyElementVisibleKeyword$_verifyElementVisible_closure1.call(VerifyElementVisibleKeyword.groovy)
	at com.kms.katalon.core.webui.keyword.internal.WebUIKeywordMain.runKeyword(WebUIKeywordMain.groovy:20)
	at com.kms.katalon.core.webui.keyword.builtin.VerifyElementVisibleKeyword.verifyElementVisible(VerifyElementVisibleKeyword.groovy:97)
	at com.kms.katalon.core.webui.keyword.builtin.VerifyElementVisibleKeyword.execute(VerifyElementVisibleKeyword.groovy:67)
	at com.kms.katalon.core.keyword.internal.KeywordExecutor.executeKeywordForPlatform(KeywordExecutor.groovy:73)
	at com.kms.katalon.core.webui.keyword.WebUiBuiltInKeywords.verifyElementVisible(WebUiBuiltInKeywords.groovy:359)
	at com.kms.katalon.core.webui.keyword.WebUiBuiltInKeywords$verifyElementVisible$4.call(Unknown Source)
	at TC_6492_Rejestracja kont.run(TC_6492_Rejestracja kont:54)
	at com.kms.katalon.core.main.ScriptEngine.run(ScriptEngine.java:194)
	at com.kms.katalon.core.main.ScriptEngine.runScriptAsRawText(ScriptEngine.java:119)
	at com.kms.katalon.core.main.TestCaseExecutor.runScript(TestCaseExecutor.java:393)
	at com.kms.katalon.core.main.TestCaseExecutor.doExecute(TestCaseExecutor.java:384)
	at com.kms.katalon.core.main.TestCaseExecutor.processExecutionPhase(TestCaseExecutor.java:363)
	at com.kms.katalon.core.main.TestCaseExecutor.accessMainPhase(TestCaseExecutor.java:355)
	at com.kms.katalon.core.main.TestCaseExecutor.execute(TestCaseExecutor.java:251)
	at com.kms.katalon.core.main.TestSuiteExecutor.accessTestCaseMainPhase(TestSuiteExecutor.java:203)
	at com.kms.katalon.core.main.TestSuiteExecutor.accessTestSuiteMainPhase(TestSuiteExecutor.java:152)
	at com.kms.katalon.core.main.TestSuiteExecutor.execute(TestSuiteExecutor.java:95)
	at com.kms.katalon.core.main.TestCaseMain.startTestSuite(TestCaseMain.java:157)
	at com.kms.katalon.core.main.TestCaseMain$startTestSuite$0.call(Unknown Source)
	at TempTestSuite1610736613255.run(TempTestSuite1610736613255.groovy:39)
)

2021-01-15 19:51:43 - [MESSAGE][INFO] - Unable to find the element located by 'By.xpath: //*[@id = 'overallValidation' and (text() = 'Podany email nie może zostać zarejestrowany' or . = 'Podany email nie może zostać zarejestrowany')]'. Please recheck the objects properties to make sure the desired element is located. 

2021-01-15 19:51:44 - [MESSAGE][WARNING] - Web element with id: 'Object Repository/Demosklep/Page_Rejestracja/div_Podany email nie moe zosta zarejestrowany' located by '//*[@id = 'overallValidation' and (text() = 'Podany email nie może zostać zarejestrowany' or . = 'Podany email nie może zostać zarejestrowany')]' not found (Root cause: com.kms.katalon.core.exception.StepFailedException: Web element with id: 'Object Repository/Demosklep/Page_Rejestracja/div_Podany email nie moe zosta zarejestrowany' located by '//*[@id = 'overallValidation' and (text() = 'Podany email nie może zostać zarejestrowany' or . = 'Podany email nie może zostać zarejestrowany')]' not found
	at com.kms.katalon.core.webui.keyword.internal.WebUIKeywordMain.stepFailed(WebUIKeywordMain.groovy:64)
	at com.kms.katalon.core.webui.keyword.builtin.VerifyElementVisibleKeyword$_verifyElementVisible_closure1.doCall(VerifyElementVisibleKeyword.groovy:89)
	at com.kms.katalon.core.webui.keyword.builtin.VerifyElementVisibleKeyword$_verifyElementVisible_closure1.call(VerifyElementVisibleKeyword.groovy)
	at com.kms.katalon.core.webui.keyword.internal.WebUIKeywordMain.runKeyword(WebUIKeywordMain.groovy:20)
	at com.kms.katalon.core.webui.keyword.builtin.VerifyElementVisibleKeyword.verifyElementVisible(VerifyElementVisibleKeyword.groovy:97)
	at com.kms.katalon.core.webui.keyword.builtin.VerifyElementVisibleKeyword.execute(VerifyElementVisibleKeyword.groovy:67)
	at com.kms.katalon.core.keyword.internal.KeywordExecutor.executeKeywordForPlatform(KeywordExecutor.groovy:73)
	at com.kms.katalon.core.webui.keyword.WebUiBuiltInKeywords.verifyElementVisible(WebUiBuiltInKeywords.groovy:359)
	at com.kms.katalon.core.webui.keyword.WebUiBuiltInKeywords$verifyElementVisible$4.call(Unknown Source)
	at TC_6492_Rejestracja kont.run(TC_6492_Rejestracja kont:54)
	at com.kms.katalon.core.main.ScriptEngine.run(ScriptEngine.java:194)
	at com.kms.katalon.core.main.ScriptEngine.runScriptAsRawText(ScriptEngine.java:119)
	at com.kms.katalon.core.main.TestCaseExecutor.runScript(TestCaseExecutor.java:393)
	at com.kms.katalon.core.main.TestCaseExecutor.doExecute(TestCaseExecutor.java:384)
	at com.kms.katalon.core.main.TestCaseExecutor.processExecutionPhase(TestCaseExecutor.java:363)
	at com.kms.katalon.core.main.TestCaseExecutor.accessMainPhase(TestCaseExecutor.java:355)
	at com.kms.katalon.core.main.TestCaseExecutor.execute(TestCaseExecutor.java:251)
	at com.kms.katalon.core.main.TestSuiteExecutor.accessTestCaseMainPhase(TestSuiteExecutor.java:203)
	at com.kms.katalon.core.main.TestSuiteExecutor.accessTestSuiteMainPhase(TestSuiteExecutor.java:152)
	at com.kms.katalon.core.main.TestSuiteExecutor.execute(TestSuiteExecutor.java:95)
	at com.kms.katalon.core.main.TestCaseMain.startTestSuite(TestCaseMain.java:157)
	at com.kms.katalon.core.main.TestCaseMain$startTestSuite$0.call(Unknown Source)
	at TempTestSuite1610736613255.run(TempTestSuite1610736613255.groovy:39)
)
[[ATTACHMENT|C:\\Users\\Grzegorz\\Desktop\\Studia\\Testowanie Oprogramowania\\6492_TO\\6492_TO\\Reports\\20210115_195013\\TS_6492_2\\20210115_195013\\1610736703818.png]]

2021-01-15 19:51:44 - [TEST_STEP][PASSED] - else: Object: 'Object Repository/Demosklep/Page_/a_Strona gwna' is clicked on

2021-01-15 19:51:44 - [TEST_STEP][PASSED] - Thread.sleep(200): null

2021-01-15 19:51:44 - [TEST_STEP][PASSED] - waitForPageLoad(2): Wait for page load successfully

2021-01-15 19:51:44 - [MESSAGE][PASSED] - Wait for page load successfully

2021-01-15 19:51:44 - [TEST_STEP][PASSED] - click(findTestObject("Object Repository/Demosklep/Page_/a_Strona gwna")): Object: 'Object Repository/Demosklep/Page_/a_Strona gwna' is clicked on

2021-01-15 19:51:44 - [MESSAGE][PASSED] - Object: 'Object Repository/Demosklep/Page_/a_Strona gwna' is clicked on

2021-01-15 19:51:44 - [TEST_STEP][PASSED] - closeBrowser(): Browser is closed

2021-01-15 19:51:45 - [MESSAGE][PASSED] - Browser is closed]]></system-out>
         <system-err><![CDATA[]]></system-err>
      </testcase>
      <testcase name="Test Cases/6492_Sklepdemo/TC_6492_zakupy_zywnosci" time="23.099" classname="Test Cases/6492_Sklepdemo/TC_6492_zakupy_zywnosci" status="PASSED">
         <system-out><![CDATA[2021-01-15 19:51:45 - [TEST_CASE][PASSED] - Test Cases/6492_Sklepdemo/TC_6492_zakupy_zywnosci: Test Cases/6492_Sklepdemo/TC_6492_zakupy_zywnosci

2021-01-15 19:51:45 - [TEST_STEP][PASSED] - openBrowser(""): Browser is opened with url: ''

2021-01-15 19:51:45 - [MESSAGE][INFO] - Starting 'Chrome' driver

2021-01-15 19:51:45 - [MESSAGE][INFO] - Action delay is set to 0 milliseconds

2021-01-15 19:51:49 - [MESSAGE][PASSED] - Browser is opened with url: ''

2021-01-15 19:51:49 - [TEST_STEP][PASSED] - navigateToUrl(findTestData("link").getValue(1, 2)): Navigate to 'https://www.sklepdemo.pl/' successfully

2021-01-15 19:51:50 - [MESSAGE][PASSED] - Navigate to 'https://www.sklepdemo.pl/' successfully

2021-01-15 19:51:50 - [TEST_STEP][PASSED] - click(findTestObject("Object Repository/Demosklep/Page_Sklep internetowy demo/a_Zdrowa ywno(30)")): Object: 'Object Repository/Demosklep/Page_Sklep internetowy demo/a_Zdrowa ywno(30)' is clicked on

2021-01-15 19:51:51 - [MESSAGE][PASSED] - Object: 'Object Repository/Demosklep/Page_Sklep internetowy demo/a_Zdrowa ywno(30)' is clicked on

2021-01-15 19:51:51 - [TEST_STEP][PASSED] - click(findTestObject("Object Repository/Demosklep/Page_ywno zdrowa/div_Fruit  Fruits_cartadder product-add")): Object: 'Object Repository/Demosklep/Page_ywno zdrowa/div_Fruit  Fruits_cartadder product-add' is clicked on

2021-01-15 19:51:51 - [MESSAGE][PASSED] - Object: 'Object Repository/Demosklep/Page_ywno zdrowa/div_Fruit  Fruits_cartadder product-add' is clicked on

2021-01-15 19:51:51 - [TEST_STEP][PASSED] - click(findTestObject("Object Repository/Demosklep/Page_ywno zdrowa/span_Kupuj dalej")): Object: 'Object Repository/Demosklep/Page_ywno zdrowa/span_Kupuj dalej' is clicked on

2021-01-15 19:51:51 - [MESSAGE][PASSED] - Object: 'Object Repository/Demosklep/Page_ywno zdrowa/span_Kupuj dalej' is clicked on

2021-01-15 19:51:51 - [TEST_STEP][PASSED] - click(findTestObject("Object Repository/Demosklep/Page_ywno zdrowa/div_Fruit  Fruits_cartadder product-add")): Object: 'Object Repository/Demosklep/Page_ywno zdrowa/div_Fruit  Fruits_cartadder product-add' is clicked on

2021-01-15 19:51:51 - [MESSAGE][PASSED] - Object: 'Object Repository/Demosklep/Page_ywno zdrowa/div_Fruit  Fruits_cartadder product-add' is clicked on

2021-01-15 19:51:51 - [TEST_STEP][PASSED] - click(findTestObject("Object Repository/Demosklep/Page_ywno zdrowa/span_Kupuj dalej")): Object: 'Object Repository/Demosklep/Page_ywno zdrowa/span_Kupuj dalej' is clicked on

2021-01-15 19:51:52 - [MESSAGE][PASSED] - Object: 'Object Repository/Demosklep/Page_ywno zdrowa/span_Kupuj dalej' is clicked on

2021-01-15 19:51:52 - [TEST_STEP][PASSED] - click(findTestObject("Object Repository/Demosklep/Page_ywno zdrowa/div_Fruit  Fruits_cartadder product-add")): Object: 'Object Repository/Demosklep/Page_ywno zdrowa/div_Fruit  Fruits_cartadder product-add' is clicked on

2021-01-15 19:51:52 - [MESSAGE][PASSED] - Object: 'Object Repository/Demosklep/Page_ywno zdrowa/div_Fruit  Fruits_cartadder product-add' is clicked on

2021-01-15 19:51:52 - [TEST_STEP][PASSED] - click(findTestObject("Object Repository/Demosklep/Page_ywno zdrowa/span_Kupuj dalej")): Object: 'Object Repository/Demosklep/Page_ywno zdrowa/span_Kupuj dalej' is clicked on

2021-01-15 19:51:52 - [MESSAGE][PASSED] - Object: 'Object Repository/Demosklep/Page_ywno zdrowa/span_Kupuj dalej' is clicked on

2021-01-15 19:51:52 - [TEST_STEP][PASSED] - click(findTestObject("Object Repository/Demosklep/Page_ywno zdrowa/a_2")): Object: 'Object Repository/Demosklep/Page_ywno zdrowa/a_2' is clicked on

2021-01-15 19:51:53 - [MESSAGE][PASSED] - Object: 'Object Repository/Demosklep/Page_ywno zdrowa/a_2' is clicked on

2021-01-15 19:51:53 - [TEST_STEP][PASSED] - click(findTestObject("Object Repository/Demosklep/Page_ywno zdrowa/div_Fruit  Fruits_cartadder product-add")): Object: 'Object Repository/Demosklep/Page_ywno zdrowa/div_Fruit  Fruits_cartadder product-add' is clicked on

2021-01-15 19:51:53 - [MESSAGE][PASSED] - Object: 'Object Repository/Demosklep/Page_ywno zdrowa/div_Fruit  Fruits_cartadder product-add' is clicked on

2021-01-15 19:51:53 - [TEST_STEP][PASSED] - click(findTestObject("Object Repository/Demosklep/Page_ywno zdrowa/a_Przejd do koszyka")): Object: 'Object Repository/Demosklep/Page_ywno zdrowa/a_Przejd do koszyka' is clicked on

2021-01-15 19:51:54 - [MESSAGE][PASSED] - Object: 'Object Repository/Demosklep/Page_ywno zdrowa/a_Przejd do koszyka' is clicked on

2021-01-15 19:51:54 - [TEST_STEP][PASSED] - waitForPageLoad(2, CONTINUE_ON_FAILURE): Wait for page load successfully

2021-01-15 19:51:54 - [MESSAGE][PASSED] - Wait for page load successfully

2021-01-15 19:51:54 - [TEST_STEP][PASSED] - click(findTestObject("Object Repository/Demosklep/Page_Sklep internetowy demo/span_zamknij")): Object: 'Object Repository/Demosklep/Page_Sklep internetowy demo/span_zamknij' is clicked on

2021-01-15 19:51:56 - [MESSAGE][PASSED] - Object: 'Object Repository/Demosklep/Page_Sklep internetowy demo/span_zamknij' is clicked on

2021-01-15 19:51:56 - [TEST_STEP][PASSED] - Thread.sleep(200): null

2021-01-15 19:51:56 - [TEST_STEP][PASSED] - click(findTestObject("Object Repository/Demosklep/Page_Koszyk/label_Patno przy odbiorze")): Object: 'Object Repository/Demosklep/Page_Koszyk/label_Patno przy odbiorze' is clicked on

2021-01-15 19:51:56 - [MESSAGE][PASSED] - Object: 'Object Repository/Demosklep/Page_Koszyk/label_Patno przy odbiorze' is clicked on

2021-01-15 19:51:56 - [TEST_STEP][PASSED] - Thread.sleep(200): null

2021-01-15 19:51:57 - [TEST_STEP][PASSED] - click(findTestObject("Object Repository/Demosklep/Page_Koszyk/button_Realizuj zamwienie")): Object: 'Object Repository/Demosklep/Page_Koszyk/button_Realizuj zamwienie' is clicked on

2021-01-15 19:51:57 - [MESSAGE][PASSED] - Object: 'Object Repository/Demosklep/Page_Koszyk/button_Realizuj zamwienie' is clicked on

2021-01-15 19:51:57 - [TEST_STEP][PASSED] - setText(findTestObject("Object Repository/Demosklep/Page_Koszyk/input_Mam konto_email"), findTestData("2-Sklepdemo/humans (1)").getValue(1, 1)): Text 'bla@wp.pl' is set on object 'Object Repository/Demosklep/Page_Koszyk/input_Mam konto_email'

2021-01-15 19:51:57 - [MESSAGE][PASSED] - Text 'bla@wp.pl' is set on object 'Object Repository/Demosklep/Page_Koszyk/input_Mam konto_email'

2021-01-15 19:51:57 - [TEST_STEP][PASSED] - setText(findTestObject("Object Repository/Demosklep/Page_Koszyk/input_Adres e-mail_billingPhone"), findTestData("2-Sklepdemo/humans (1)").getValue(2, 1)): Text '111222546' is set on object 'Object Repository/Demosklep/Page_Koszyk/input_Adres e-mail_billingPhone'

2021-01-15 19:51:57 - [MESSAGE][PASSED] - Text '111222546' is set on object 'Object Repository/Demosklep/Page_Koszyk/input_Adres e-mail_billingPhone'

2021-01-15 19:51:57 - [TEST_STEP][PASSED] - setText(findTestObject("Object Repository/Demosklep/Page_Koszyk/input_Numer NIP_billingFirstName"), findTestData("2-Sklepdemo/humans (1)").getValue(3, 1)): Text 'Anna' is set on object 'Object Repository/Demosklep/Page_Koszyk/input_Numer NIP_billingFirstName'

2021-01-15 19:51:58 - [MESSAGE][PASSED] - Text 'Anna' is set on object 'Object Repository/Demosklep/Page_Koszyk/input_Numer NIP_billingFirstName'

2021-01-15 19:51:58 - [TEST_STEP][PASSED] - setText(findTestObject("Object Repository/Demosklep/Page_Koszyk/input_Imi_billingLastName"), findTestData("2-Sklepdemo/humans (1)").getValue(4, 1)): Text 'Zjorka' is set on object 'Object Repository/Demosklep/Page_Koszyk/input_Imi_billingLastName'

2021-01-15 19:51:58 - [MESSAGE][PASSED] - Text 'Zjorka' is set on object 'Object Repository/Demosklep/Page_Koszyk/input_Imi_billingLastName'

2021-01-15 19:51:58 - [TEST_STEP][PASSED] - setText(findTestObject("Object Repository/Demosklep/Page_Koszyk/input_Nazwisko_billingAddress"), findTestData("2-Sklepdemo/humans (1)").getValue(5, 1)): Text 'Mysia' is set on object 'Object Repository/Demosklep/Page_Koszyk/input_Nazwisko_billingAddress'

2021-01-15 19:51:58 - [MESSAGE][PASSED] - Text 'Mysia' is set on object 'Object Repository/Demosklep/Page_Koszyk/input_Nazwisko_billingAddress'

2021-01-15 19:51:58 - [TEST_STEP][PASSED] - setText(findTestObject("Object Repository/Demosklep/Page_Koszyk/input_Ulica_billingAddress2"), findTestData("2-Sklepdemo/humans (1)").getValue(6, 1)): Text '31' is set on object 'Object Repository/Demosklep/Page_Koszyk/input_Ulica_billingAddress2'

2021-01-15 19:51:58 - [MESSAGE][PASSED] - Text '31' is set on object 'Object Repository/Demosklep/Page_Koszyk/input_Ulica_billingAddress2'

2021-01-15 19:51:58 - [TEST_STEP][PASSED] - setText(findTestObject("Object Repository/Demosklep/Page_Koszyk/input_Nr domu_billingAddress3"), findTestData("2-Sklepdemo/humans (1)").getValue(7, 1)): Text '1' is set on object 'Object Repository/Demosklep/Page_Koszyk/input_Nr domu_billingAddress3'

2021-01-15 19:51:58 - [MESSAGE][PASSED] - Text '1' is set on object 'Object Repository/Demosklep/Page_Koszyk/input_Nr domu_billingAddress3'

2021-01-15 19:51:58 - [TEST_STEP][PASSED] - setText(findTestObject("Object Repository/Demosklep/Page_Koszyk/input_Nr lokalu_billingCity"), findTestData("2-Sklepdemo/humans (1)").getValue(8, 1)): Text 'Łupiny Większe' is set on object 'Object Repository/Demosklep/Page_Koszyk/input_Nr lokalu_billingCity'

2021-01-15 19:51:59 - [MESSAGE][PASSED] - Text 'Łupiny Większe' is set on object 'Object Repository/Demosklep/Page_Koszyk/input_Nr lokalu_billingCity'

2021-01-15 19:51:59 - [TEST_STEP][PASSED] - setText(findTestObject("Object Repository/Demosklep/Page_Koszyk/input_Miejscowo_billingPostalCode"), findTestData("2-Sklepdemo/humans (1)").getValue(9, 1)): Text '66799' is set on object 'Object Repository/Demosklep/Page_Koszyk/input_Miejscowo_billingPostalCode'

2021-01-15 19:51:59 - [MESSAGE][PASSED] - Text '66799' is set on object 'Object Repository/Demosklep/Page_Koszyk/input_Miejscowo_billingPostalCode'

2021-01-15 19:51:59 - [TEST_STEP][PASSED] - click(findTestObject("Object Repository/Demosklep/Page_Koszyk/label_Przykadowa klauzula akceptacji regulaminu")): Object: 'Object Repository/Demosklep/Page_Koszyk/label_Przykadowa klauzula akceptacji regulaminu' is clicked on

2021-01-15 19:51:59 - [MESSAGE][PASSED] - Object: 'Object Repository/Demosklep/Page_Koszyk/label_Przykadowa klauzula akceptacji regulaminu' is clicked on

2021-01-15 19:51:59 - [TEST_STEP][PASSED] - click(findTestObject("Object Repository/Demosklep/Page_Koszyk/button_Zamawiam i pac")): Object: 'Object Repository/Demosklep/Page_Koszyk/button_Zamawiam i pac' is clicked on

2021-01-15 19:52:00 - [MESSAGE][PASSED] - Object: 'Object Repository/Demosklep/Page_Koszyk/button_Zamawiam i pac' is clicked on

2021-01-15 19:52:00 - [TEST_STEP][PASSED] - Thread.sleep(3000): null

2021-01-15 19:52:03 - [TEST_STEP][PASSED] - click(findTestObject("Object Repository/Demosklep/Page_Koszyk/a_powrt do zakupw")): Object: 'Object Repository/Demosklep/Page_Koszyk/a_powrt do zakupw' is clicked on

2021-01-15 19:52:03 - [MESSAGE][PASSED] - Object: 'Object Repository/Demosklep/Page_Koszyk/a_powrt do zakupw' is clicked on]]></system-out>
         <system-err><![CDATA[]]></system-err>
      </testcase>
      <system-out><![CDATA[2021-01-15 19:50:22 - [TEST_SUITE][INCOMPLETE] - TS_6492_2: null]]></system-out>
      <system-err><![CDATA[2021-01-15 19:50:22 - [TEST_SUITE][INCOMPLETE] - TS_6492_2: null]]></system-err>
   </testsuite>
</testsuites>
